## ---------------- ##
## CMake variables. ##
## ---------------- ##

CMAKE_ROOT = /usr/share/cmake-3.16
CMAKE_INCLUDE_PATH = 
CMAKE_LIBRARY_PATH = /usr/lib/x86_64-linux-gnu
CMAKE_PREFIX_PATH = 
CMAKE_INSTALL_ALWAYS = 
CMAKE_SKIP_RPATH = NO
CMAKE_SUPPRESS_REGENERATION = 
BUILD_SHARED_LIBS = 

CMAKE_INSTALL_PREFIX = /usr/local
PROJECT_SOURCE_DIR = /home/jianghan/Devel/workspace/src/GRG
PROJECT_SOURCE_DIR = /home/jianghan/Devel/workspace/src/GRG
PROJECT_BINARY_DIR = /home/jianghan/Devel/workspace/src/GRG/build
CMAKE_BINARY_DIR = /home/jianghan/Devel/workspace/src/GRG/build

CMAKE_AR = /usr/bin/ar
CMAKE_RANLIB = /usr/bin/ranlib
CMAKE_BUILD_TYPE = release
CMAKE_CONFIGURATION_TYPES = 
CMAKE_SHARED_LINKER_FLAGS = 

CMAKE_C_COMPILER = /usr/bin/cc
CMAKE_C_FLAGS = 
CMAKE_C_FLAGS_DEBUG = -g
CMAKE_C_FLAGS_RELEASE = -O3 -DNDEBUG
CMAKE_CXX_COMPILER = /usr/bin/c++
CMAKE_CXX_FLAGS = 
CMAKE_CXX_FLAGS_DEBUG = -g
CMAKE_CXX_FLAGS_RELEASE = -O3 -DNDEBUG
CMAKE_CXX_FLAGS_RELWITHDEBINFO = -O2 -g -DNDEBUG

CMAKE_STATIC_LIBRARY_PREFIX = lib
CMAKE_STATIC_LIBRARY_SUFFIX = .a
CMAKE_SHARED_LIBRARY_PREFIX = lib
CMAKE_SHARED_LIBRARY_SUFFIX = .so
CMAKE_SHARED_MODULE_PREFIX = lib
CMAKE_SHARED_MODULE_SUFFIX = .so

## ------------------ ##
## Watched variables. ##
## ------------------ ##

PYTHONINTERP_FOUND = undefined
PYTHONLIBS_FOUND = TRUE
PYTHON_LIBRARY_DIRS = /usr/lib/x86_64-linux-gnu
PYTHONLIBS_VERSION_STRING = 3.8.10
PYTHON_EXECUTABLE = /usr/bin/python
PYTHON_SOABI = .cpython-38-x86_64-linux-gnu
PYTHON_EXT_SUFFIX = .cpython-38-x86_64-linux-gnu.so
Boost_PYTHON38_FOUND = ON
Boost_PYTHON38_LIBRARY = /usr/lib/x86_64-linux-gnu/libboost_python38.so
Boost_PYTHON38_LIBRARY_DEBUG = /usr/lib/x86_64-linux-gnu/libboost_python38.so
Boost_PYTHON38_LIBRARY_RELEASE = /usr/lib/x86_64-linux-gnu/libboost_python38.so
Boost_PYTHON_LIBRARY = /usr/lib/x86_64-linux-gnu/libboost_python38.so
## ---------------- ##
## Watched targets. ##
## ---------------- ##

## ---------------- ##
## CMake variables. ##
## ---------------- ##

CMAKE_ROOT = /usr/share/cmake-3.16
CMAKE_INCLUDE_PATH = 
CMAKE_LIBRARY_PATH = /usr/lib/x86_64-linux-gnu
CMAKE_PREFIX_PATH = 
CMAKE_INSTALL_ALWAYS = 
CMAKE_SKIP_RPATH = NO
CMAKE_SUPPRESS_REGENERATION = 
BUILD_SHARED_LIBS = 

CMAKE_INSTALL_PREFIX = /usr/local
PROJECT_SOURCE_DIR = /home/jianghan/Devel/workspace/src/GRG
PROJECT_SOURCE_DIR = /home/jianghan/Devel/workspace/src/GRG
PROJECT_BINARY_DIR = /home/jianghan/Devel/workspace/src/GRG/build
CMAKE_BINARY_DIR = /home/jianghan/Devel/workspace/src/GRG/build

CMAKE_AR = /usr/bin/ar
CMAKE_RANLIB = /usr/bin/ranlib
CMAKE_BUILD_TYPE = Release
CMAKE_CONFIGURATION_TYPES = 
CMAKE_SHARED_LINKER_FLAGS = 

CMAKE_C_COMPILER = /usr/bin/cc
CMAKE_C_FLAGS = 
CMAKE_C_FLAGS_DEBUG = -g
CMAKE_C_FLAGS_RELEASE = -O3 -DNDEBUG
CMAKE_CXX_COMPILER = /usr/bin/c++
CMAKE_CXX_FLAGS = 
CMAKE_CXX_FLAGS_DEBUG = -g
CMAKE_CXX_FLAGS_RELEASE = -O3 -DNDEBUG
CMAKE_CXX_FLAGS_RELWITHDEBINFO = -O2 -g -DNDEBUG

CMAKE_STATIC_LIBRARY_PREFIX = lib
CMAKE_STATIC_LIBRARY_SUFFIX = .a
CMAKE_SHARED_LIBRARY_PREFIX = lib
CMAKE_SHARED_LIBRARY_SUFFIX = .so
CMAKE_SHARED_MODULE_PREFIX = lib
CMAKE_SHARED_MODULE_SUFFIX = .so

## ------------------ ##
## Watched variables. ##
## ------------------ ##

PYTHONINTERP_FOUND = undefined
PYTHONLIBS_FOUND = TRUE
PYTHON_LIBRARY_DIRS = /usr/lib/x86_64-linux-gnu
PYTHONLIBS_VERSION_STRING = 3.8.10
PYTHON_EXECUTABLE = /usr/bin/python
PYTHON_SOABI = .cpython-38-x86_64-linux-gnu
PYTHON_EXT_SUFFIX = .cpython-38-x86_64-linux-gnu.so
Boost_PYTHON38_FOUND = ON
Boost_PYTHON38_LIBRARY = /usr/lib/x86_64-linux-gnu/libboost_python38.so
Boost_PYTHON38_LIBRARY_DEBUG = /usr/lib/x86_64-linux-gnu/libboost_python38.so
Boost_PYTHON38_LIBRARY_RELEASE = /usr/lib/x86_64-linux-gnu/libboost_python38.so
Boost_PYTHON_LIBRARY = /usr/lib/x86_64-linux-gnu/libboost_python38.so
## ---------------- ##
## Watched targets. ##
## ---------------- ##

